<?xml version="1.0" encoding="UTF-8"?>
<!-- Generated by org.testng.reporters.JUnitReportReporter -->
<testsuite hostname="DESKTOP-A0PA6AD" failures="0" tests="1" name="scripts.Testcase3" time="28.474" errors="0" timestamp="2022-10-09T20:44:45 IST" skipped="0">
  <testcase classname="scripts.Testcase3" name="tc3" time="28.474"/>
  <system-out/>
</testsuite> <!-- scripts.Testcase3 -->
